<?xml version="1.0" encoding="UTF-8"?>
<!-- Generated by org.testng.reporters.JUnitReportReporter -->
<testsuite skipped="0" hostname="DESKTOP-DR5LSJT" name="endtoendtesting.Assertions" tests="1" failures="0" timestamp="2019-10-14T16:20:08 IST" time="2.511" errors="0">
  <testcase name="TitleAssertions" time="2.511" classname="endtoendtesting.Assertions"/>
</testsuite> <!-- endtoendtesting.Assertions -->
