<?xml version="1.0" encoding="UTF-8"?>
<!-- Generated by org.testng.reporters.JUnitReportReporter -->
<testsuite skipped="0" hostname="DESKTOP-DR5LSJT" name="endtoendtesting.HomePage" tests="2" failures="0" timestamp="2019-10-14T16:15:29 IST" time="42.979" errors="0">
  <testcase name="basePageNavigation" time="21.499" classname="endtoendtesting.HomePage"/>
  <testcase name="basePageNavigation" time="21.480" classname="endtoendtesting.HomePage"/>
</testsuite> <!-- endtoendtesting.HomePage -->
